{"/workspaces/CurrencyConverter/logic.js": {"path":"/workspaces/CurrencyConverter/logic.js","statementMap":{"0":{"start":{"line":4,"column":25},"end":{"line":4,"column":53}},"1":{"start":{"line":5,"column":4},"end":{"line":5,"column":26}}},"fnMap":{"0":{"name":"convertCurrency","decl":{"start":{"line":3,"column":16},"end":{"line":3,"column":31}},"loc":{"start":{"line":3,"column":48},"end":{"line":6,"column":1}},"line":3}},"branchMap":{},"s":{"0":7,"1":7},"f":{"0":7},"b":{},"_coverageSchema":"1a1c01bbd47fc00a2c39e90264f33305004495a9","hash":"04d1089bd2a170b1d40d9d04c9fb1c1457a7c28d"}
}
